0 info it worked if it ends with ok
1 verbose cli [ 'C:\\Program Files\\nodejs\\node.exe',
1 verbose cli   'C:\\Users\\Pasoya\\AppData\\Roaming\\npm\\node_modules\\npm\\bin\\npm-cli.js',
1 verbose cli   'run',
1 verbose cli   'dev' ]
2 info using npm@3.10.9
3 info using node@v6.9.1
4 verbose run-script [ 'predev', 'dev', 'postdev' ]
5 info lifecycle express-react-webpack-babel@1.0.0~predev: express-react-webpack-babel@1.0.0
6 silly lifecycle express-react-webpack-babel@1.0.0~predev: no script for predev, continuing
7 info lifecycle express-react-webpack-babel@1.0.0~dev: express-react-webpack-babel@1.0.0
8 verbose lifecycle express-react-webpack-babel@1.0.0~dev: unsafe-perm in lifecycle true
9 verbose lifecycle express-react-webpack-babel@1.0.0~dev: PATH: C:\Users\Pasoya\AppData\Roaming\npm\node_modules\npm\bin\node-gyp-bin;D:\Workspace\Javascript\express-react-webpack-babel\node_modules\.bin;C:\ProgramData\Oracle\Java\javapath;C:\WINDOWS\system32;C:\WINDOWS;C:\WINDOWS\System32\Wbem;C:\WINDOWS\System32\WindowsPowerShell\v1.0\;C:\Program Files (x86)\ATI Technologies\ATI.ACE\Core-Static;C:\Program Files\Git\cmd;C:\xampp\php;C:\ProgramData\ComposerSetup\bin;C:\Program Files (x86)\Smart Projects\IsoBuster;C:\Program Files (x86)\PuTTY\;C:\Program Files\nodejs\;C:\Program Files\MongoDB\Server\3.2\bin;C:\Users\Pasoya\AppData\Roaming\npm;D:\Workspace\JavaMars\video-wall\lib\player;C:/Program Files/Java/jre1.8.0_60/bin/server;C:/Program Files/Java/jre1.8.0_60/bin;C:/Program Files/Java/jre1.8.0_60/lib/amd64;C:\ProgramData\Oracle\Java\javapath;C:\WINDOWS\system32;C:\WINDOWS;C:\WINDOWS\System32\Wbem;C:\WINDOWS\System32\WindowsPowerShell\v1.0\;C:\Program Files (x86)\ATI Technologies\ATI.ACE\Core-Static;C:\Program Files\Git\cmd;C:\xampp\php;C:\ProgramData\ComposerSetup\bin;C:\Program Files (x86)\Smart Projects\IsoBuster;C:\Program Files (x86)\PuTTY\;C:\Program Files\nodejs\;C:\Users\Pasoya\Desktop\VideoWall\lib\player;C:\ProgramData\Oracle\Java\javapath;C:\WINDOWS\system32;C:\WINDOWS;C:\WINDOWS\System32\Wbem;C:\WINDOWS\System32\WindowsPowerShell\v1.0\;C:\Program Files (x86)\ATI Technologies\ATI.ACE\Core-Static;C:\Program Files\Git\cmd;C:\xampp\php;C:\ProgramData\ComposerSetup\bin;C:\Program Files (x86)\Smart Projects\IsoBuster;C:\Program Files (x86)\PuTTY\;C:\Program Files\nodejs\;D:\Workspace\JavaMars\video-wall\lib\player;C:/Program Files/Java/jre1.8.0_60/bin/server;C:/Program F
10 verbose lifecycle express-react-webpack-babel@1.0.0~dev: CWD: D:\Workspace\Javascript\express-react-webpack-babel
11 silly lifecycle express-react-webpack-babel@1.0.0~dev: Args: [ '/d /s /c',
11 silly lifecycle   'SET NODE_ENV=development && SET PORT=3000 && nodemon --exec babel-node src/server.js' ]
12 silly lifecycle express-react-webpack-babel@1.0.0~dev: Returned: code: 3221225786  signal: null
13 info lifecycle express-react-webpack-babel@1.0.0~dev: Failed to exec dev script
14 verbose stack Error: express-react-webpack-babel@1.0.0 dev: `SET NODE_ENV=development && SET PORT=3000 && nodemon --exec babel-node src/server.js`
14 verbose stack Exit status 3221225786
14 verbose stack     at EventEmitter.<anonymous> (C:\Users\Pasoya\AppData\Roaming\npm\node_modules\npm\lib\utils\lifecycle.js:255:16)
14 verbose stack     at emitTwo (events.js:106:13)
14 verbose stack     at EventEmitter.emit (events.js:191:7)
14 verbose stack     at ChildProcess.<anonymous> (C:\Users\Pasoya\AppData\Roaming\npm\node_modules\npm\lib\utils\spawn.js:40:14)
14 verbose stack     at emitTwo (events.js:106:13)
14 verbose stack     at ChildProcess.emit (events.js:191:7)
14 verbose stack     at maybeClose (internal/child_process.js:877:16)
14 verbose stack     at Process.ChildProcess._handle.onexit (internal/child_process.js:226:5)
15 verbose pkgid express-react-webpack-babel@1.0.0
16 verbose cwd D:\Workspace\Javascript\express-react-webpack-babel
17 error Windows_NT 10.0.14393
18 error argv "C:\\Program Files\\nodejs\\node.exe" "C:\\Users\\Pasoya\\AppData\\Roaming\\npm\\node_modules\\npm\\bin\\npm-cli.js" "run" "dev"
19 error node v6.9.1
20 error npm  v3.10.9
21 error code ELIFECYCLE
22 error express-react-webpack-babel@1.0.0 dev: `SET NODE_ENV=development && SET PORT=3000 && nodemon --exec babel-node src/server.js`
22 error Exit status 3221225786
23 error Failed at the express-react-webpack-babel@1.0.0 dev script 'SET NODE_ENV=development && SET PORT=3000 && nodemon --exec babel-node src/server.js'.
23 error Make sure you have the latest version of node.js and npm installed.
23 error If you do, this is most likely a problem with the express-react-webpack-babel package,
23 error not with npm itself.
23 error Tell the author that this fails on your system:
23 error     SET NODE_ENV=development && SET PORT=3000 && nodemon --exec babel-node src/server.js
23 error You can get information on how to open an issue for this project with:
23 error     npm bugs express-react-webpack-babel
23 error Or if that isn't available, you can get their info via:
23 error     npm owner ls express-react-webpack-babel
23 error There is likely additional logging output above.
24 verbose exit [ 1, true ]
